# JRE version: Java(TM) SE Runtime Environment (23.0.2+7) (build 23.0.2+7-58)
# Java VM: Java HotSpot(TM) 64-Bit Server VM (23.0.2+7-58, mixed mode, emulated-client, sharing, tiered, compressed oops, compressed class ptrs, g1 gc, windows-amd64)
GC Precious Log:
 CardTable entry size: 512
 Card Set container configuration: InlinePtr #cards 5 size 8 Array Of Cards #cards 10 size 36 Howl #buckets 4 coarsen threshold 1843 Howl Bitmap #cards 512 size 80 coarsen threshold 460 Card regions per heap region 1 cards per card region 2048
 CPUs: 8 total, 8 available
 Memory: 8006M
 Large Page Support: Disabled
 NUMA Support: Disabled
 Compressed Oops: Enabled (32-bit)
 Heap Region Size: 1M
 Heap Min Capacity: 8M
 Heap Initial Capacity: 126M
 Heap Max Capacity: 2002M
 Pre-touch: Disabled
 Parallel Workers: 8
 Concurrent Workers: 2
 Concurrent Refinement Workers: 8
 Periodic GC: Disabled
Heap:
 garbage-first heap   total reserved 2050048K, committed 56320K, used 35190K [0x0000000082e00000, 0x0000000100000000)
  region size 1024K, 3 young (3072K), 3 survivors (3072K)
 Metaspace       used 72707K, committed 73408K, reserved 1114112K
  class space    used 10582K, committed 10880K, reserved 1048576K
GC Heap History (20 events):
Event: 16.281 GC heap after
{Heap after GC invocations=12 (full 0):
 garbage-first heap   total reserved 2050048K, committed 55296K, used 27781K [0x0000000082e00000, 0x0000000100000000)
  region size 1024K, 2 young (2048K), 2 survivors (2048K)
 Metaspace       used 42043K, committed 42752K, reserved 1114112K
  class space    used 6105K, committed 6400K, reserved 1048576K
}
Event: 17.162 GC heap before
{Heap before GC invocations=12 (full 0):
 garbage-first heap   total reserved 2050048K, committed 55296K, used 48261K [0x0000000082e00000, 0x0000000100000000)
  region size 1024K, 22 young (22528K), 2 survivors (2048K)
 Metaspace       used 45308K, committed 45952K, reserved 1114112K
  class space    used 6712K, committed 6976K, reserved 1048576K
}
Event: 17.167 GC heap after
{Heap after GC invocations=13 (full 0):
 garbage-first heap   total reserved 2050048K, committed 55296K, used 28806K [0x0000000082e00000, 0x0000000100000000)
  region size 1024K, 3 young (3072K), 3 survivors (3072K)
 Metaspace       used 45308K, committed 45952K, reserved 1114112K
  class space    used 6712K, committed 6976K, reserved 1048576K
}
Event: 19.226 GC heap before
{Heap before GC invocations=14 (full 0):
 garbage-first heap   total reserved 2050048K, committed 55296K, used 46214K [0x0000000082e00000, 0x0000000100000000)
  region size 1024K, 21 young (21504K), 3 survivors (3072K)
 Metaspace       used 52264K, committed 52928K, reserved 1114112K
  class space    used 7528K, committed 7808K, reserved 1048576K
}
Event: 19.235 GC heap after
{Heap after GC invocations=15 (full 0):
 garbage-first heap   total reserved 2050048K, committed 55296K, used 30442K [0x0000000082e00000, 0x0000000100000000)
  region size 1024K, 3 young (3072K), 3 survivors (3072K)
 Metaspace       used 52264K, committed 52928K, reserved 1114112K
  class space    used 7528K, committed 7808K, reserved 1048576K
}
Event: 20.089 GC heap before
{Heap before GC invocations=15 (full 0):
 garbage-first heap   total reserved 2050048K, committed 55296K, used 46826K [0x0000000082e00000, 0x0000000100000000)
  region size 1024K, 20 young (20480K), 3 survivors (3072K)
 Metaspace       used 55375K, committed 56064K, reserved 1114112K
  class space    used 7933K, committed 8256K, reserved 1048576K
}
Event: 20.098 GC heap after
{Heap after GC invocations=16 (full 0):
 garbage-first heap   total reserved 2050048K, committed 55296K, used 31341K [0x0000000082e00000, 0x0000000100000000)
  region size 1024K, 2 young (2048K), 2 survivors (2048K)
 Metaspace       used 55375K, committed 56064K, reserved 1114112K
  class space    used 7933K, committed 8256K, reserved 1048576K
}
Event: 20.768 GC heap before
{Heap before GC invocations=16 (full 0):
 garbage-first heap   total reserved 2050048K, committed 55296K, used 47725K [0x0000000082e00000, 0x0000000100000000)
  region size 1024K, 18 young (18432K), 2 survivors (2048K)
 Metaspace       used 59210K, committed 59904K, reserved 1114112K
  class space    used 8386K, committed 8704K, reserved 1048576K
}
Event: 20.772 GC heap after
{Heap after GC invocations=17 (full 0):
 garbage-first heap   total reserved 2050048K, committed 55296K, used 31836K [0x0000000082e00000, 0x0000000100000000)
  region size 1024K, 2 young (2048K), 2 survivors (2048K)
 Metaspace       used 59210K, committed 59904K, reserved 1114112K
  class space    used 8386K, committed 8704K, reserved 1048576K
}
Event: 21.431 GC heap before
{Heap before GC invocations=18 (full 0):
 garbage-first heap   total reserved 2050048K, committed 55296K, used 47196K [0x0000000082e00000, 0x0000000100000000)
  region size 1024K, 18 young (18432K), 2 survivors (2048K)
 Metaspace       used 61828K, committed 62528K, reserved 1114112K
  class space    used 8758K, committed 9024K, reserved 1048576K
}
Event: 21.437 GC heap after
{Heap after GC invocations=19 (full 0):
 garbage-first heap   total reserved 2050048K, committed 55296K, used 32535K [0x0000000082e00000, 0x0000000100000000)
  region size 1024K, 2 young (2048K), 2 survivors (2048K)
 Metaspace       used 61828K, committed 62528K, reserved 1114112K
  class space    used 8758K, committed 9024K, reserved 1048576K
}
Event: 22.222 GC heap before
{Heap before GC invocations=19 (full 0):
 garbage-first heap   total reserved 2050048K, committed 55296K, used 47895K [0x0000000082e00000, 0x0000000100000000)
  region size 1024K, 17 young (17408K), 2 survivors (2048K)
 Metaspace       used 66311K, committed 67008K, reserved 1114112K
  class space    used 9513K, committed 9792K, reserved 1048576K
}
Event: 22.230 GC heap after
{Heap after GC invocations=20 (full 0):
 garbage-first heap   total reserved 2050048K, committed 55296K, used 32839K [0x0000000082e00000, 0x0000000100000000)
  region size 1024K, 2 young (2048K), 2 survivors (2048K)
 Metaspace       used 66311K, committed 67008K, reserved 1114112K
  class space    used 9513K, committed 9792K, reserved 1048576K
}
Event: 22.771 GC heap before
{Heap before GC invocations=20 (full 0):
 garbage-first heap   total reserved 2050048K, committed 55296K, used 48199K [0x0000000082e00000, 0x0000000100000000)
  region size 1024K, 17 young (17408K), 2 survivors (2048K)
 Metaspace       used 67455K, committed 68160K, reserved 1114112K
  class space    used 9729K, committed 10048K, reserved 1048576K
}
Event: 22.777 GC heap after
{Heap after GC invocations=21 (full 0):
 garbage-first heap   total reserved 2050048K, committed 55296K, used 33099K [0x0000000082e00000, 0x0000000100000000)
  region size 1024K, 2 young (2048K), 2 survivors (2048K)
 Metaspace       used 67455K, committed 68160K, reserved 1114112K
  class space    used 9729K, committed 10048K, reserved 1048576K
}
Event: 23.089 GC heap before
{Heap before GC invocations=22 (full 0):
 garbage-first heap   total reserved 2050048K, committed 56320K, used 48459K [0x0000000082e00000, 0x0000000100000000)
  region size 1024K, 17 young (17408K), 2 survivors (2048K)
 Metaspace       used 67647K, committed 68352K, reserved 1114112K
  class space    used 9760K, committed 10048K, reserved 1048576K
}
Event: 23.094 GC heap after
{Heap after GC invocations=23 (full 0):
 garbage-first heap   total reserved 2050048K, committed 56320K, used 33328K [0x0000000082e00000, 0x0000000100000000)
  region size 1024K, 2 young (2048K), 2 survivors (2048K)
 Metaspace       used 67647K, committed 68352K, reserved 1114112K
  class space    used 9760K, committed 10048K, reserved 1048576K
}
Event: 23.950 GC heap before
{Heap before GC invocations=23 (full 0):
 garbage-first heap   total reserved 2050048K, committed 56320K, used 49712K [0x0000000082e00000, 0x0000000100000000)
  region size 1024K, 18 young (18432K), 2 survivors (2048K)
 Metaspace       used 71176K, committed 71872K, reserved 1114112K
  class space    used 10331K, committed 10624K, reserved 1048576K
}
Event: 23.958 GC heap after
{Heap after GC invocations=24 (full 0):
 garbage-first heap   total reserved 2050048K, committed 56320K, used 34110K [0x0000000082e00000, 0x0000000100000000)
  region size 1024K, 3 young (3072K), 3 survivors (3072K)
 Metaspace       used 71176K, committed 71872K, reserved 1114112K
  class space    used 10331K, committed 10624K, reserved 1048576K
}
Event: 24.511 GC heap before
{Heap before GC invocations=24 (full 0):
 garbage-first heap   total reserved 2050048K, committed 56320K, used 48446K [0x0000000082e00000, 0x0000000100000000)
  region size 1024K, 17 young (17408K), 3 survivors (3072K)
 Metaspace       used 72707K, committed 73408K, reserved 1114112K
  class space    used 10582K, committed 10880K, reserved 1048576K
}

