# JRE version: Java(TM) SE Runtime Environment (23.0.2+7) (build 23.0.2+7-58)
# Java VM: Java HotSpot(TM) 64-Bit Server VM (23.0.2+7-58, mixed mode, emulated-client, sharing, tiered, compressed oops, compressed class ptrs, g1 gc, windows-amd64)
GC Precious Log:
 CardTable entry size: 512
 Card Set container configuration: InlinePtr #cards 5 size 8 Array Of Cards #cards 10 size 36 Howl #buckets 4 coarsen threshold 1843 Howl Bitmap #cards 512 size 80 coarsen threshold 460 Card regions per heap region 1 cards per card region 2048
 CPUs: 8 total, 8 available
 Memory: 8006M
 Large Page Support: Disabled
 NUMA Support: Disabled
 Compressed Oops: Enabled (32-bit)
 Heap Region Size: 1M
 Heap Min Capacity: 8M
 Heap Initial Capacity: 126M
 Heap Max Capacity: 2002M
 Pre-touch: Disabled
 Parallel Workers: 8
 Concurrent Workers: 2
 Concurrent Refinement Workers: 8
 Periodic GC: Disabled
Heap:
 garbage-first heap   total reserved 2050048K, committed 58368K, used 34834K [0x0000000082e00000, 0x0000000100000000)
  region size 1024K, 4 young (4096K), 3 survivors (3072K)
 Metaspace       used 71748K, committed 72448K, reserved 1114112K
  class space    used 10422K, committed 10688K, reserved 1048576K
GC Heap History (20 events):
Event: 11.722 GC heap before
{Heap before GC invocations=15 (full 0):
 garbage-first heap   total reserved 2050048K, committed 51200K, used 42469K [0x0000000082e00000, 0x0000000100000000)
  region size 1024K, 18 young (18432K), 3 survivors (3072K)
 Metaspace       used 46869K, committed 47552K, reserved 1114112K
  class space    used 6893K, committed 7168K, reserved 1048576K
}
Event: 11.727 GC heap after
{Heap after GC invocations=16 (full 0):
 garbage-first heap   total reserved 2050048K, committed 51200K, used 28954K [0x0000000082e00000, 0x0000000100000000)
  region size 1024K, 2 young (2048K), 2 survivors (2048K)
 Metaspace       used 46869K, committed 47552K, reserved 1114112K
  class space    used 6893K, committed 7168K, reserved 1048576K
}
Event: 14.386 GC heap before
{Heap before GC invocations=16 (full 0):
 garbage-first heap   total reserved 2050048K, committed 51200K, used 44314K [0x0000000082e00000, 0x0000000100000000)
  region size 1024K, 18 young (18432K), 2 survivors (2048K)
 Metaspace       used 52864K, committed 53568K, reserved 1114112K
  class space    used 7636K, committed 7936K, reserved 1048576K
}
Event: 14.394 GC heap after
{Heap after GC invocations=17 (full 0):
 garbage-first heap   total reserved 2050048K, committed 51200K, used 30538K [0x0000000082e00000, 0x0000000100000000)
  region size 1024K, 3 young (3072K), 3 survivors (3072K)
 Metaspace       used 52864K, committed 53568K, reserved 1114112K
  class space    used 7636K, committed 7936K, reserved 1048576K
}
Event: 15.022 GC heap before
{Heap before GC invocations=17 (full 0):
 garbage-first heap   total reserved 2050048K, committed 51200K, used 42826K [0x0000000082e00000, 0x0000000100000000)
  region size 1024K, 16 young (16384K), 3 survivors (3072K)
 Metaspace       used 55496K, committed 56128K, reserved 1114112K
  class space    used 7939K, committed 8192K, reserved 1048576K
}
Event: 15.027 GC heap after
{Heap after GC invocations=18 (full 0):
 garbage-first heap   total reserved 2050048K, committed 51200K, used 31425K [0x0000000082e00000, 0x0000000100000000)
  region size 1024K, 1 young (1024K), 1 survivors (1024K)
 Metaspace       used 55496K, committed 56128K, reserved 1114112K
  class space    used 7939K, committed 8192K, reserved 1048576K
}
Event: 15.631 GC heap before
{Heap before GC invocations=19 (full 0):
 garbage-first heap   total reserved 2050048K, committed 53248K, used 44737K [0x0000000082e00000, 0x0000000100000000)
  region size 1024K, 15 young (15360K), 1 survivors (1024K)
 Metaspace       used 59006K, committed 59648K, reserved 1114112K
  class space    used 8357K, committed 8640K, reserved 1048576K
}
Event: 15.634 GC heap after
{Heap after GC invocations=20 (full 0):
 garbage-first heap   total reserved 2050048K, committed 53248K, used 31733K [0x0000000082e00000, 0x0000000100000000)
  region size 1024K, 2 young (2048K), 2 survivors (2048K)
 Metaspace       used 59006K, committed 59648K, reserved 1114112K
  class space    used 8357K, committed 8640K, reserved 1048576K
}
Event: 16.233 GC heap before
{Heap before GC invocations=20 (full 0):
 garbage-first heap   total reserved 2050048K, committed 53248K, used 46069K [0x0000000082e00000, 0x0000000100000000)
  region size 1024K, 16 young (16384K), 2 survivors (2048K)
 Metaspace       used 61056K, committed 61760K, reserved 1114112K
  class space    used 8620K, committed 8896K, reserved 1048576K
}
Event: 16.238 GC heap after
{Heap after GC invocations=21 (full 0):
 garbage-first heap   total reserved 2050048K, committed 53248K, used 32269K [0x0000000082e00000, 0x0000000100000000)
  region size 1024K, 2 young (2048K), 2 survivors (2048K)
 Metaspace       used 61056K, committed 61760K, reserved 1114112K
  class space    used 8620K, committed 8896K, reserved 1048576K
}
Event: 17.125 GC heap before
{Heap before GC invocations=21 (full 0):
 garbage-first heap   total reserved 2050048K, committed 53248K, used 44557K [0x0000000082e00000, 0x0000000100000000)
  region size 1024K, 15 young (15360K), 2 survivors (2048K)
 Metaspace       used 65450K, committed 66176K, reserved 1114112K
  class space    used 9310K, committed 9600K, reserved 1048576K
}
Event: 17.128 GC heap after
{Heap after GC invocations=22 (full 0):
 garbage-first heap   total reserved 2050048K, committed 53248K, used 32624K [0x0000000082e00000, 0x0000000100000000)
  region size 1024K, 2 young (2048K), 2 survivors (2048K)
 Metaspace       used 65450K, committed 66176K, reserved 1114112K
  class space    used 9310K, committed 9600K, reserved 1048576K
}
Event: 17.740 GC heap before
{Heap before GC invocations=23 (full 0):
 garbage-first heap   total reserved 2050048K, committed 56320K, used 45936K [0x0000000082e00000, 0x0000000100000000)
  region size 1024K, 15 young (15360K), 2 survivors (2048K)
 Metaspace       used 67127K, committed 67840K, reserved 1114112K
  class space    used 9701K, committed 9984K, reserved 1048576K
}
Event: 17.744 GC heap after
{Heap after GC invocations=24 (full 0):
 garbage-first heap   total reserved 2050048K, committed 56320K, used 33104K [0x0000000082e00000, 0x0000000100000000)
  region size 1024K, 2 young (2048K), 2 survivors (2048K)
 Metaspace       used 67127K, committed 67840K, reserved 1114112K
  class space    used 9701K, committed 9984K, reserved 1048576K
}
Event: 18.408 GC heap before
{Heap before GC invocations=24 (full 0):
 garbage-first heap   total reserved 2050048K, committed 56320K, used 49488K [0x0000000082e00000, 0x0000000100000000)
  region size 1024K, 18 young (18432K), 2 survivors (2048K)
 Metaspace       used 67309K, committed 67968K, reserved 1114112K
  class space    used 9733K, committed 9984K, reserved 1048576K
}
Event: 18.414 GC heap after
{Heap after GC invocations=25 (full 0):
 garbage-first heap   total reserved 2050048K, committed 56320K, used 33047K [0x0000000082e00000, 0x0000000100000000)
  region size 1024K, 2 young (2048K), 2 survivors (2048K)
 Metaspace       used 67309K, committed 67968K, reserved 1114112K
  class space    used 9733K, committed 9984K, reserved 1048576K
}
Event: 19.638 GC heap before
{Heap before GC invocations=25 (full 0):
 garbage-first heap   total reserved 2050048K, committed 56320K, used 48407K [0x0000000082e00000, 0x0000000100000000)
  region size 1024K, 18 young (18432K), 2 survivors (2048K)
 Metaspace       used 69998K, committed 70720K, reserved 1114112K
  class space    used 10126K, committed 10432K, reserved 1048576K
}
Event: 19.644 GC heap after
{Heap after GC invocations=26 (full 0):
 garbage-first heap   total reserved 2050048K, committed 56320K, used 33792K [0x0000000082e00000, 0x0000000100000000)
  region size 1024K, 3 young (3072K), 3 survivors (3072K)
 Metaspace       used 69998K, committed 70720K, reserved 1114112K
  class space    used 10126K, committed 10432K, reserved 1048576K
}
Event: 20.465 GC heap before
{Heap before GC invocations=27 (full 0):
 garbage-first heap   total reserved 2050048K, committed 58368K, used 47104K [0x0000000082e00000, 0x0000000100000000)
  region size 1024K, 17 young (17408K), 3 survivors (3072K)
 Metaspace       used 71710K, committed 72384K, reserved 1114112K
  class space    used 10416K, committed 10688K, reserved 1048576K
}
Event: 20.470 GC heap after
{Heap after GC invocations=28 (full 0):
 garbage-first heap   total reserved 2050048K, committed 58368K, used 34834K [0x0000000082e00000, 0x0000000100000000)
  region size 1024K, 3 young (3072K), 3 survivors (3072K)
 Metaspace       used 71710K, committed 72384K, reserved 1114112K
  class space    used 10416K, committed 10688K, reserved 1048576K
}

